Determining if the pthread_create exist failed with the following output:
Change Dir: /home/namwob44/new_ws/build/CMakeFiles/CMakeTmp

Run Build Command:/usr/bin/make "cmTryCompileExec2944614031/fast"
/usr/bin/make -f CMakeFiles/cmTryCompileExec2944614031.dir/build.make CMakeFiles/cmTryCompileExec2944614031.dir/build
make[1]: Entering directory `/home/namwob44/new_ws/build/CMakeFiles/CMakeTmp'
/usr/bin/cmake -E cmake_progress_report /home/namwob44/new_ws/build/CMakeFiles/CMakeTmp/CMakeFiles 1
Building C object CMakeFiles/cmTryCompileExec2944614031.dir/CheckSymbolExists.c.o
/usr/bin/cc    -o CMakeFiles/cmTryCompileExec2944614031.dir/CheckSymbolExists.c.o   -c /home/namwob44/new_ws/build/CMakeFiles/CMakeTmp/CheckSymbolExists.c
Linking C executable cmTryCompileExec2944614031
/usr/bin/cmake -E cmake_link_script CMakeFiles/cmTryCompileExec2944614031.dir/link.txt --verbose=1
/usr/bin/cc       CMakeFiles/cmTryCompileExec2944614031.dir/CheckSymbolExists.c.o  -o cmTryCompileExec2944614031 -rdynamic 
CMakeFiles/cmTryCompileExec2944614031.dir/CheckSymbolExists.c.o: In function `main':
CheckSymbolExists.c:(.text+0x16): undefined reference to `pthread_create'
collect2: error: ld returned 1 exit status
make[1]: Leaving directory `/home/namwob44/new_ws/build/CMakeFiles/CMakeTmp'
make[1]: *** [cmTryCompileExec2944614031] Error 1
make: *** [cmTryCompileExec2944614031/fast] Error 2

File /home/namwob44/new_ws/build/CMakeFiles/CMakeTmp/CheckSymbolExists.c:
/* */
#include <pthread.h>

int main(int argc, char** argv)
{
  (void)argv;
#ifndef pthread_create
  return ((int*)(&pthread_create))[argc];
#else
  (void)argc;
  return 0;
#endif
}

Determining if the function pthread_create exists in the pthreads failed with the following output:
Change Dir: /home/namwob44/new_ws/build/CMakeFiles/CMakeTmp

Run Build Command:/usr/bin/make "cmTryCompileExec1484503785/fast"
/usr/bin/make -f CMakeFiles/cmTryCompileExec1484503785.dir/build.make CMakeFiles/cmTryCompileExec1484503785.dir/build
make[1]: Entering directory `/home/namwob44/new_ws/build/CMakeFiles/CMakeTmp'
/usr/bin/cmake -E cmake_progress_report /home/namwob44/new_ws/build/CMakeFiles/CMakeTmp/CMakeFiles 1
Building C object CMakeFiles/cmTryCompileExec1484503785.dir/CheckFunctionExists.c.o
/usr/bin/cc   -DCHECK_FUNCTION_EXISTS=pthread_create   -o CMakeFiles/cmTryCompileExec1484503785.dir/CheckFunctionExists.c.o   -c /usr/share/cmake-2.8/Modules/CheckFunctionExists.c
Linking C executable cmTryCompileExec1484503785
/usr/bin/cmake -E cmake_link_script CMakeFiles/cmTryCompileExec1484503785.dir/link.txt --verbose=1
/usr/bin/cc   -DCHECK_FUNCTION_EXISTS=pthread_create    CMakeFiles/cmTryCompileExec1484503785.dir/CheckFunctionExists.c.o  -o cmTryCompileExec1484503785 -rdynamic -lpthreads 
/usr/bin/ld: cannot find -lpthreads
collect2: error: ld returned 1 exit status
make[1]: *** [cmTryCompileExec1484503785] Error 1
make[1]: Leaving directory `/home/namwob44/new_ws/build/CMakeFiles/CMakeTmp'
make: *** [cmTryCompileExec1484503785/fast] Error 2


Determining if the Q_WS_WIN exist failed with the following output:
Change Dir: /home/namwob44/new_ws/build/CMakeFiles/CMakeTmp

Run Build Command:/usr/bin/make "cmTryCompileExec1157757957/fast"
/usr/bin/make -f CMakeFiles/cmTryCompileExec1157757957.dir/build.make CMakeFiles/cmTryCompileExec1157757957.dir/build
make[1]: Entering directory `/home/namwob44/new_ws/build/CMakeFiles/CMakeTmp'
/usr/bin/cmake -E cmake_progress_report /home/namwob44/new_ws/build/CMakeFiles/CMakeTmp/CMakeFiles 1
Building CXX object CMakeFiles/cmTryCompileExec1157757957.dir/CheckSymbolExists.cxx.o
/usr/bin/c++    -std=c++11   -I/usr/include/qt4    -o CMakeFiles/cmTryCompileExec1157757957.dir/CheckSymbolExists.cxx.o -c /home/namwob44/new_ws/build/CMakeFiles/CMakeTmp/CheckSymbolExists.cxx
/home/namwob44/new_ws/build/CMakeFiles/CMakeTmp/CheckSymbolExists.cxx: In function ‘int main(int, char**)’:
/home/namwob44/new_ws/build/CMakeFiles/CMakeTmp/CheckSymbolExists.cxx:8:19: error: ‘Q_WS_WIN’ was not declared in this scope
   return ((int*)(&Q_WS_WIN))[argc];
                   ^
make[1]: *** [CMakeFiles/cmTryCompileExec1157757957.dir/CheckSymbolExists.cxx.o] Error 1
make[1]: Leaving directory `/home/namwob44/new_ws/build/CMakeFiles/CMakeTmp'
make: *** [cmTryCompileExec1157757957/fast] Error 2

File /home/namwob44/new_ws/build/CMakeFiles/CMakeTmp/CheckSymbolExists.cxx:
/* */
#include <QtCore/qglobal.h>

int main(int argc, char** argv)
{
  (void)argv;
#ifndef Q_WS_WIN
  return ((int*)(&Q_WS_WIN))[argc];
#else
  (void)argc;
  return 0;
#endif
}

Determining if the Q_WS_QWS exist failed with the following output:
Change Dir: /home/namwob44/new_ws/build/CMakeFiles/CMakeTmp

Run Build Command:/usr/bin/make "cmTryCompileExec509909902/fast"
/usr/bin/make -f CMakeFiles/cmTryCompileExec509909902.dir/build.make CMakeFiles/cmTryCompileExec509909902.dir/build
make[1]: Entering directory `/home/namwob44/new_ws/build/CMakeFiles/CMakeTmp'
/usr/bin/cmake -E cmake_progress_report /home/namwob44/new_ws/build/CMakeFiles/CMakeTmp/CMakeFiles 1
Building CXX object CMakeFiles/cmTryCompileExec509909902.dir/CheckSymbolExists.cxx.o
/usr/bin/c++    -std=c++11   -I/usr/include/qt4    -o CMakeFiles/cmTryCompileExec509909902.dir/CheckSymbolExists.cxx.o -c /home/namwob44/new_ws/build/CMakeFiles/CMakeTmp/CheckSymbolExists.cxx
/home/namwob44/new_ws/build/CMakeFiles/CMakeTmp/CheckSymbolExists.cxx: In function ‘int main(int, char**)’:
/home/namwob44/new_ws/build/CMakeFiles/CMakeTmp/CheckSymbolExists.cxx:8:19: error: ‘Q_WS_QWS’ was not declared in this scope
   return ((int*)(&Q_WS_QWS))[argc];
                   ^
make[1]: *** [CMakeFiles/cmTryCompileExec509909902.dir/CheckSymbolExists.cxx.o] Error 1
make[1]: Leaving directory `/home/namwob44/new_ws/build/CMakeFiles/CMakeTmp'
make: *** [cmTryCompileExec509909902/fast] Error 2

File /home/namwob44/new_ws/build/CMakeFiles/CMakeTmp/CheckSymbolExists.cxx:
/* */
#include <QtCore/qglobal.h>

int main(int argc, char** argv)
{
  (void)argv;
#ifndef Q_WS_QWS
  return ((int*)(&Q_WS_QWS))[argc];
#else
  (void)argc;
  return 0;
#endif
}

Determining if the Q_WS_MAC exist failed with the following output:
Change Dir: /home/namwob44/new_ws/build/CMakeFiles/CMakeTmp

Run Build Command:/usr/bin/make "cmTryCompileExec238664827/fast"
/usr/bin/make -f CMakeFiles/cmTryCompileExec238664827.dir/build.make CMakeFiles/cmTryCompileExec238664827.dir/build
make[1]: Entering directory `/home/namwob44/new_ws/build/CMakeFiles/CMakeTmp'
/usr/bin/cmake -E cmake_progress_report /home/namwob44/new_ws/build/CMakeFiles/CMakeTmp/CMakeFiles 1
Building CXX object CMakeFiles/cmTryCompileExec238664827.dir/CheckSymbolExists.cxx.o
/usr/bin/c++    -std=c++11   -I/usr/include/qt4    -o CMakeFiles/cmTryCompileExec238664827.dir/CheckSymbolExists.cxx.o -c /home/namwob44/new_ws/build/CMakeFiles/CMakeTmp/CheckSymbolExists.cxx
/home/namwob44/new_ws/build/CMakeFiles/CMakeTmp/CheckSymbolExists.cxx: In function ‘int main(int, char**)’:
/home/namwob44/new_ws/build/CMakeFiles/CMakeTmp/CheckSymbolExists.cxx:8:19: error: ‘Q_WS_MAC’ was not declared in this scope
   return ((int*)(&Q_WS_MAC))[argc];
                   ^
make[1]: *** [CMakeFiles/cmTryCompileExec238664827.dir/CheckSymbolExists.cxx.o] Error 1
make[1]: Leaving directory `/home/namwob44/new_ws/build/CMakeFiles/CMakeTmp'
make: *** [cmTryCompileExec238664827/fast] Error 2

File /home/namwob44/new_ws/build/CMakeFiles/CMakeTmp/CheckSymbolExists.cxx:
/* */
#include <QtCore/qglobal.h>

int main(int argc, char** argv)
{
  (void)argv;
#ifndef Q_WS_MAC
  return ((int*)(&Q_WS_MAC))[argc];
#else
  (void)argc;
  return 0;
#endif
}

